This file contains any messages produced by compilers while
running configure, to aid debugging if configure makes a mistake.

It was created by LHa for UNIX configure 1.14i-ac20050924p1, which was
generated by GNU Autoconf 2.59.  Invocation command line was

  $ ./configure 

## --------- ##
## Platform. ##
## --------- ##

hostname = kenhakuchou-python-5367401
uname -m = x86_64
uname -r = 4.9.17-c9
uname -s = Linux
uname -v = #1 SMP Thu Mar 23 01:38:54 UTC 2017

/usr/bin/uname -p = unknown
/bin/uname -X     = unknown

/bin/arch              = unknown
/usr/bin/arch -k       = unknown
/usr/convex/getsysinfo = unknown
hostinfo               = unknown
/bin/machine           = unknown
/usr/bin/oslevel       = unknown
/bin/universe          = unknown

PATH: /home/ubuntu/workspace/.virtualenvs/venv/bin
PATH: /usr/local/rvm/gems/ruby-2.4.0/bin
PATH: /usr/local/rvm/gems/ruby-2.4.0@global/bin
PATH: /usr/local/rvm/rubies/ruby-2.4.0/bin
PATH: /mnt/shared/bin
PATH: /home/ubuntu/workspace/node_modules/.bin
PATH: /home/ubuntu/bin
PATH: /usr/local/sbin
PATH: /usr/local/bin
PATH: /usr/sbin
PATH: /usr/bin
PATH: /sbin
PATH: /bin
PATH: /mnt/shared/sbin
PATH: /opt/gitl
PATH: /opt/go/bin
PATH: /mnt/shared/c9/app.nw/bin
PATH: /usr/local/rvm/bin


## ----------- ##
## Core tests. ##
## ----------- ##

configure:1368: checking build system type
configure:1386: result: x86_64-unknown-linux-gnu
configure:1394: checking host system type
configure:1408: result: x86_64-unknown-linux-gnu
configure:1416: checking target system type
configure:1430: result: x86_64-unknown-linux-gnu
configure:1458: checking for a BSD-compatible install
configure:1513: result: /usr/bin/install -c
configure:1524: checking whether build environment is sane
configure:1567: result: yes
configure:1632: checking for gawk
configure:1648: found /usr/bin/gawk
configure:1658: result: gawk
configure:1668: checking whether make sets $(MAKE)
configure:1688: result: yes
configure:1912: checking for gcc
configure:1928: found /usr/bin/gcc
configure:1938: result: gcc
configure:2182: checking for C compiler version
configure:2185: gcc --version </dev/null >&5
gcc (Ubuntu 4.8.4-2ubuntu1~14.04.3) 4.8.4
Copyright (C) 2013 Free Software Foundation, Inc.
This is free software; see the source for copying conditions.  There is NO
warranty; not even for MERCHANTABILITY or FITNESS FOR A PARTICULAR PURPOSE.

configure:2188: $? = 0
configure:2190: gcc -v </dev/null >&5
Using built-in specs.
COLLECT_GCC=gcc
COLLECT_LTO_WRAPPER=/usr/lib/gcc/x86_64-linux-gnu/4.8/lto-wrapper
Target: x86_64-linux-gnu
Configured with: ../src/configure -v --with-pkgversion='Ubuntu 4.8.4-2ubuntu1~14.04.3' --with-bugurl=file:///usr/share/doc/gcc-4.8/README.Bugs --enable-languages=c,c++,java,go,d,fortran,objc,obj-c++ --prefix=/usr --program-suffix=-4.8 --enable-shared --enable-linker-build-id --libexecdir=/usr/lib --without-included-gettext --enable-threads=posix --with-gxx-include-dir=/usr/include/c++/4.8 --libdir=/usr/lib --enable-nls --with-sysroot=/ --enable-clocale=gnu --enable-libstdcxx-debug --enable-libstdcxx-time=yes --enable-gnu-unique-object --disable-libmudflap --enable-plugin --with-system-zlib --disable-browser-plugin --enable-java-awt=gtk --enable-gtk-cairo --with-java-home=/usr/lib/jvm/java-1.5.0-gcj-4.8-amd64/jre --enable-java-home --with-jvm-root-dir=/usr/lib/jvm/java-1.5.0-gcj-4.8-amd64 --with-jvm-jar-dir=/usr/lib/jvm-exports/java-1.5.0-gcj-4.8-amd64 --with-arch-directory=amd64 --with-ecj-jar=/usr/share/java/eclipse-ecj.jar --enable-objc-gc --enable-multiarch --disable-werror --with-arch-32=i686 --with-abi=m64 --with-multilib-list=m32,m64,mx32 --with-tune=generic --enable-checking=release --build=x86_64-linux-gnu --host=x86_64-linux-gnu --target=x86_64-linux-gnu
Thread model: posix
gcc version 4.8.4 (Ubuntu 4.8.4-2ubuntu1~14.04.3) 
configure:2193: $? = 0
configure:2195: gcc -V </dev/null >&5
gcc: error: unrecognized command line option '-V'
gcc: fatal error: no input files
compilation terminated.
configure:2198: $? = 4
configure:2221: checking for C compiler default output file name
configure:2224: gcc    conftest.c  >&5
configure:2227: $? = 0
configure:2273: result: a.out
configure:2278: checking whether the C compiler works
configure:2284: ./a.out
configure:2287: $? = 0
configure:2304: result: yes
configure:2311: checking whether we are cross compiling
configure:2313: result: no
configure:2316: checking for suffix of executables
configure:2318: gcc -o conftest    conftest.c  >&5
configure:2321: $? = 0
configure:2346: result: 
configure:2352: checking for suffix of object files
configure:2373: gcc -c   conftest.c >&5
configure:2376: $? = 0
configure:2398: result: o
configure:2402: checking whether we are using the GNU C compiler
configure:2426: gcc -c   conftest.c >&5
configure:2432: $? = 0
configure:2436: test -z 
			 || test ! -s conftest.err
configure:2439: $? = 0
configure:2442: test -s conftest.o
configure:2445: $? = 0
configure:2458: result: yes
configure:2464: checking whether gcc accepts -g
configure:2485: gcc -c -g  conftest.c >&5
configure:2491: $? = 0
configure:2495: test -z 
			 || test ! -s conftest.err
configure:2498: $? = 0
configure:2501: test -s conftest.o
configure:2504: $? = 0
configure:2515: result: yes
configure:2532: checking for gcc option to accept ANSI C
configure:2602: gcc  -c -g -O2  conftest.c >&5
configure:2608: $? = 0
configure:2612: test -z 
			 || test ! -s conftest.err
configure:2615: $? = 0
configure:2618: test -s conftest.o
configure:2621: $? = 0
configure:2639: result: none needed
configure:2657: gcc -c -g -O2  conftest.c >&5
conftest.c:2:3: error: unknown type name 'choke'
   choke me
   ^
conftest.c:2:3: error: expected '=', ',', ';', 'asm' or '__attribute__' at end of input
configure:2663: $? = 1
configure: failed program was:
| #ifndef __cplusplus
|   choke me
| #endif
configure:2807: checking for style of include used by make
configure:2835: result: GNU
configure:2863: checking dependency style of gcc
configure:2953: result: gcc3
configure:2976: checking how to run the C preprocessor
configure:3011: gcc -E  conftest.c
configure:3017: $? = 0
configure:3049: gcc -E  conftest.c
conftest.c:12:28: fatal error: ac_nonexistent.h: No such file or directory
 #include <ac_nonexistent.h>
                            ^
compilation terminated.
configure:3055: $? = 1
configure: failed program was:
| /* confdefs.h.  */
| 
| #define PACKAGE_NAME "LHa for UNIX"
| #define PACKAGE_TARNAME "lha"
| #define PACKAGE_VERSION "1.14i-ac20050924p1"
| #define PACKAGE_STRING "LHa for UNIX 1.14i-ac20050924p1"
| #define PACKAGE_BUGREPORT "arai@users.sourceforge.jp"
| #define PACKAGE "lha"
| #define VERSION "1.14i-ac20050924p1"
| #define PLATFORM "x86_64-unknown-linux-gnu"
| /* end confdefs.h.  */
| #include <ac_nonexistent.h>
configure:3094: result: gcc -E
configure:3118: gcc -E  conftest.c
configure:3124: $? = 0
configure:3156: gcc -E  conftest.c
conftest.c:12:28: fatal error: ac_nonexistent.h: No such file or directory
 #include <ac_nonexistent.h>
                            ^
compilation terminated.
configure:3162: $? = 1
configure: failed program was:
| /* confdefs.h.  */
| 
| #define PACKAGE_NAME "LHa for UNIX"
| #define PACKAGE_TARNAME "lha"
| #define PACKAGE_VERSION "1.14i-ac20050924p1"
| #define PACKAGE_STRING "LHa for UNIX 1.14i-ac20050924p1"
| #define PACKAGE_BUGREPORT "arai@users.sourceforge.jp"
| #define PACKAGE "lha"
| #define VERSION "1.14i-ac20050924p1"
| #define PLATFORM "x86_64-unknown-linux-gnu"
| /* end confdefs.h.  */
| #include <ac_nonexistent.h>
configure:3206: checking for egrep
configure:3216: result: grep -E
configure:3222: checking whether gcc needs -traditional
configure:3264: result: no
configure:3284: checking for a BSD-compatible install
configure:3339: result: /usr/bin/install -c
configure:3350: checking whether make sets $(MAKE)
configure:3370: result: yes
configure:3379: checking for ANSI C header files
configure:3404: gcc -c -g -O2  conftest.c >&5
configure:3410: $? = 0
configure:3414: test -z 
			 || test ! -s conftest.err
configure:3417: $? = 0
configure:3420: test -s conftest.o
configure:3423: $? = 0
configure:3512: gcc -o conftest -g -O2   conftest.c  >&5
conftest.c: In function 'main':
conftest.c:29:7: warning: incompatible implicit declaration of built-in function 'exit' [enabled by default]
       exit(2);
       ^
configure:3515: $? = 0
configure:3517: ./conftest
configure:3520: $? = 0
configure:3535: result: yes
configure:3559: checking for sys/types.h
configure:3575: gcc -c -g -O2  conftest.c >&5
configure:3581: $? = 0
configure:3585: test -z 
			 || test ! -s conftest.err
configure:3588: $? = 0
configure:3591: test -s conftest.o
configure:3594: $? = 0
configure:3605: result: yes
configure:3559: checking for sys/stat.h
configure:3575: gcc -c -g -O2  conftest.c >&5
configure:3581: $? = 0
configure:3585: test -z 
			 || test ! -s conftest.err
configure:3588: $? = 0
configure:3591: test -s conftest.o
configure:3594: $? = 0
configure:3605: result: yes
configure:3559: checking for stdlib.h
configure:3575: gcc -c -g -O2  conftest.c >&5
configure:3581: $? = 0
configure:3585: test -z 
			 || test ! -s conftest.err
configure:3588: $? = 0
configure:3591: test -s conftest.o
configure:3594: $? = 0
configure:3605: result: yes
configure:3559: checking for string.h
configure:3575: gcc -c -g -O2  conftest.c >&5
configure:3581: $? = 0
configure:3585: test -z 
			 || test ! -s conftest.err
configure:3588: $? = 0
configure:3591: test -s conftest.o
configure:3594: $? = 0
configure:3605: result: yes
configure:3559: checking for memory.h
configure:3575: gcc -c -g -O2  conftest.c >&5
configure:3581: $? = 0
configure:3585: test -z 
			 || test ! -s conftest.err
configure:3588: $? = 0
configure:3591: test -s conftest.o
configure:3594: $? = 0
configure:3605: result: yes
configure:3559: checking for strings.h
configure:3575: gcc -c -g -O2  conftest.c >&5
configure:3581: $? = 0
configure:3585: test -z 
			 || test ! -s conftest.err
configure:3588: $? = 0
configure:3591: test -s conftest.o
configure:3594: $? = 0
configure:3605: result: yes
configure:3559: checking for inttypes.h
configure:3575: gcc -c -g -O2  conftest.c >&5
configure:3581: $? = 0
configure:3585: test -z 
			 || test ! -s conftest.err
configure:3588: $? = 0
configure:3591: test -s conftest.o
configure:3594: $? = 0
configure:3605: result: yes
configure:3559: checking for stdint.h
configure:3575: gcc -c -g -O2  conftest.c >&5
configure:3581: $? = 0
configure:3585: test -z 
			 || test ! -s conftest.err
configure:3588: $? = 0
configure:3591: test -s conftest.o
configure:3594: $? = 0
configure:3605: result: yes
configure:3559: checking for unistd.h
configure:3575: gcc -c -g -O2  conftest.c >&5
configure:3581: $? = 0
configure:3585: test -z 
			 || test ! -s conftest.err
configure:3588: $? = 0
configure:3591: test -s conftest.o
configure:3594: $? = 0
configure:3605: result: yes
configure:3627: checking minix/config.h usability
configure:3639: gcc -c -g -O2  conftest.c >&5
conftest.c:56:26: fatal error: minix/config.h: No such file or directory
 #include <minix/config.h>
                          ^
compilation terminated.
configure:3645: $? = 1
configure: failed program was:
| /* confdefs.h.  */
| 
| #define PACKAGE_NAME "LHa for UNIX"
| #define PACKAGE_TARNAME "lha"
| #define PACKAGE_VERSION "1.14i-ac20050924p1"
| #define PACKAGE_STRING "LHa for UNIX 1.14i-ac20050924p1"
| #define PACKAGE_BUGREPORT "arai@users.sourceforge.jp"
| #define PACKAGE "lha"
| #define VERSION "1.14i-ac20050924p1"
| #define PLATFORM "x86_64-unknown-linux-gnu"
| #define STDC_HEADERS 1
| #define HAVE_SYS_TYPES_H 1
| #define HAVE_SYS_STAT_H 1
| #define HAVE_STDLIB_H 1
| #define HAVE_STRING_H 1
| #define HAVE_MEMORY_H 1
| #define HAVE_STRINGS_H 1
| #define HAVE_INTTYPES_H 1
| #define HAVE_STDINT_H 1
| #define HAVE_UNISTD_H 1
| /* end confdefs.h.  */
| #include <stdio.h>
| #if HAVE_SYS_TYPES_H
| # include <sys/types.h>
| #endif
| #if HAVE_SYS_STAT_H
| # include <sys/stat.h>
| #endif
| #if STDC_HEADERS
| # include <stdlib.h>
| # include <stddef.h>
| #else
| # if HAVE_STDLIB_H
| #  include <stdlib.h>
| # endif
| #endif
| #if HAVE_STRING_H
| # if !STDC_HEADERS && HAVE_MEMORY_H
| #  include <memory.h>
| # endif
| # include <string.h>
| #endif
| #if HAVE_STRINGS_H
| # include <strings.h>
| #endif
| #if HAVE_INTTYPES_H
| # include <inttypes.h>
| #else
| # if HAVE_STDINT_H
| #  include <stdint.h>
| # endif
| #endif
| #if HAVE_UNISTD_H
| # include <unistd.h>
| #endif
| #include <minix/config.h>
configure:3668: result: no
configure:3672: checking minix/config.h presence
configure:3682: gcc -E  conftest.c
conftest.c:22:26: fatal error: minix/config.h: No such file or directory
 #include <minix/config.h>
                          ^
compilation terminated.
configure:3688: $? = 1
configure: failed program was:
| /* confdefs.h.  */
| 
| #define PACKAGE_NAME "LHa for UNIX"
| #define PACKAGE_TARNAME "lha"
| #define PACKAGE_VERSION "1.14i-ac20050924p1"
| #define PACKAGE_STRING "LHa for UNIX 1.14i-ac20050924p1"
| #define PACKAGE_BUGREPORT "arai@users.sourceforge.jp"
| #define PACKAGE "lha"
| #define VERSION "1.14i-ac20050924p1"
| #define PLATFORM "x86_64-unknown-linux-gnu"
| #define STDC_HEADERS 1
| #define HAVE_SYS_TYPES_H 1
| #define HAVE_SYS_STAT_H 1
| #define HAVE_STDLIB_H 1
| #define HAVE_STRING_H 1
| #define HAVE_MEMORY_H 1
| #define HAVE_STRINGS_H 1
| #define HAVE_INTTYPES_H 1
| #define HAVE_STDINT_H 1
| #define HAVE_UNISTD_H 1
| /* end confdefs.h.  */
| #include <minix/config.h>
configure:3708: result: no
configure:3743: checking for minix/config.h
configure:3750: result: no
configure:3779: checking for function prototypes
configure:3782: result: yes
configure:3812: checking for string.h
configure:3817: result: yes
configure:3965: checking for special C compiler options needed for large files
configure:4064: result: no
configure:4070: checking for _FILE_OFFSET_BITS value needed for large files
configure:4101: gcc -c -g -O2  conftest.c >&5
configure:4107: $? = 0
configure:4111: test -z 
			 || test ! -s conftest.err
configure:4114: $? = 0
configure:4117: test -s conftest.o
configure:4120: $? = 0
configure:4185: result: no
configure:4195: checking for _LARGE_FILES value needed for large files
configure:4226: gcc -c -g -O2  conftest.c >&5
configure:4232: $? = 0
configure:4236: test -z 
			 || test ! -s conftest.err
configure:4239: $? = 0
configure:4242: test -s conftest.o
configure:4245: $? = 0
configure:4310: result: no
configure:4324: checking for library containing opendir
configure:4354: gcc -o conftest -g -O2   conftest.c  >&5
configure:4360: $? = 0
configure:4364: test -z 
			 || test ! -s conftest.err
configure:4367: $? = 0
configure:4370: test -s conftest
configure:4373: $? = 0
configure:4443: result: none required
configure:4460: checking for dirent.h that defines DIR
configure:4484: gcc -c -g -O2  conftest.c >&5
configure:4490: $? = 0
configure:4494: test -z 
			 || test ! -s conftest.err
configure:4497: $? = 0
configure:4500: test -s conftest.o
configure:4503: $? = 0
configure:4514: result: yes
configure:4527: checking for library containing opendir
configure:4646: result: none required
configure:4782: checking for ANSI C header files
configure:4938: result: yes
configure:4966: checking fcntl.h usability
configure:4978: gcc -c -g -O2  conftest.c >&5
configure:4984: $? = 0
configure:4988: test -z 
			 || test ! -s conftest.err
configure:4991: $? = 0
configure:4994: test -s conftest.o
configure:4997: $? = 0
configure:5007: result: yes
configure:5011: checking fcntl.h presence
configure:5021: gcc -E  conftest.c
configure:5027: $? = 0
configure:5047: result: yes
configure:5082: checking for fcntl.h
configure:5089: result: yes
configure:4966: checking limits.h usability
configure:4978: gcc -c -g -O2  conftest.c >&5
configure:4984: $? = 0
configure:4988: test -z 
			 || test ! -s conftest.err
configure:4991: $? = 0
configure:4994: test -s conftest.o
configure:4997: $? = 0
configure:5007: result: yes
configure:5011: checking limits.h presence
configure:5021: gcc -E  conftest.c
configure:5027: $? = 0
configure:5047: result: yes
configure:5082: checking for limits.h
configure:5089: result: yes
configure:4966: checking sys/file.h usability
configure:4978: gcc -c -g -O2  conftest.c >&5
configure:4984: $? = 0
configure:4988: test -z 
			 || test ! -s conftest.err
configure:4991: $? = 0
configure:4994: test -s conftest.o
configure:4997: $? = 0
configure:5007: result: yes
configure:5011: checking sys/file.h presence
configure:5021: gcc -E  conftest.c
configure:5027: $? = 0
configure:5047: result: yes
configure:5082: checking for sys/file.h
configure:5089: result: yes
configure:4966: checking sys/param.h usability
configure:4978: gcc -c -g -O2  conftest.c >&5
configure:4984: $? = 0
configure:4988: test -z 
			 || test ! -s conftest.err
configure:4991: $? = 0
configure:4994: test -s conftest.o
configure:4997: $? = 0
configure:5007: result: yes
configure:5011: checking sys/param.h presence
configure:5021: gcc -E  conftest.c
configure:5027: $? = 0
configure:5047: result: yes
configure:5082: checking for sys/param.h
configure:5089: result: yes
configure:4966: checking sys/time.h usability
configure:4978: gcc -c -g -O2  conftest.c >&5
configure:4984: $? = 0
configure:4988: test -z 
			 || test ! -s conftest.err
configure:4991: $? = 0
configure:4994: test -s conftest.o
configure:4997: $? = 0
configure:5007: result: yes
configure:5011: checking sys/time.h presence
configure:5021: gcc -E  conftest.c
configure:5027: $? = 0
configure:5047: result: yes
configure:5082: checking for sys/time.h
configure:5089: result: yes
configure:5121: checking pwd.h usability
configure:5133: gcc -c -g -O2  conftest.c >&5
configure:5139: $? = 0
configure:5143: test -z 
			 || test ! -s conftest.err
configure:5146: $? = 0
configure:5149: test -s conftest.o
configure:5152: $? = 0
configure:5162: result: yes
configure:5166: checking pwd.h presence
configure:5176: gcc -E  conftest.c
configure:5182: $? = 0
configure:5202: result: yes
configure:5237: checking for pwd.h
configure:5244: result: yes
configure:5121: checking grp.h usability
configure:5133: gcc -c -g -O2  conftest.c >&5
configure:5139: $? = 0
configure:5143: test -z 
			 || test ! -s conftest.err
configure:5146: $? = 0
configure:5149: test -s conftest.o
configure:5152: $? = 0
configure:5162: result: yes
configure:5166: checking grp.h presence
configure:5176: gcc -E  conftest.c
configure:5182: $? = 0
configure:5202: result: yes
configure:5237: checking for grp.h
configure:5244: result: yes
configure:5121: checking utime.h usability
configure:5133: gcc -c -g -O2  conftest.c >&5
configure:5139: $? = 0
configure:5143: test -z 
			 || test ! -s conftest.err
configure:5146: $? = 0
configure:5149: test -s conftest.o
configure:5152: $? = 0
configure:5162: result: yes
configure:5166: checking utime.h presence
configure:5176: gcc -E  conftest.c
configure:5182: $? = 0
configure:5202: result: yes
configure:5237: checking for utime.h
configure:5244: result: yes
configure:5112: checking for inttypes.h
configure:5117: result: yes
configure:5112: checking for stdint.h
configure:5117: result: yes
configure:5121: checking fnmatch.h usability
configure:5133: gcc -c -g -O2  conftest.c >&5
configure:5139: $? = 0
configure:5143: test -z 
			 || test ! -s conftest.err
configure:5146: $? = 0
configure:5149: test -s conftest.o
configure:5152: $? = 0
configure:5162: result: yes
configure:5166: checking fnmatch.h presence
configure:5176: gcc -E  conftest.c
configure:5182: $? = 0
configure:5202: result: yes
configure:5237: checking for fnmatch.h
configure:5244: result: yes
configure:5259: checking for an ANSI C-conforming const
configure:5326: gcc -c -g -O2  conftest.c >&5
configure:5332: $? = 0
configure:5336: test -z 
			 || test ! -s conftest.err
configure:5339: $? = 0
configure:5342: test -s conftest.o
configure:5345: $? = 0
configure:5356: result: yes
configure:5366: checking whether time.h and sys/time.h may both be included
configure:5391: gcc -c -g -O2  conftest.c >&5
configure:5397: $? = 0
configure:5401: test -z 
			 || test ! -s conftest.err
configure:5404: $? = 0
configure:5407: test -s conftest.o
configure:5410: $? = 0
configure:5421: result: yes
configure:5431: checking whether struct tm is in sys/time.h or time.h
configure:5454: gcc -c -g -O2  conftest.c >&5
configure:5460: $? = 0
configure:5464: test -z 
			 || test ! -s conftest.err
configure:5467: $? = 0
configure:5470: test -s conftest.o
configure:5473: $? = 0
configure:5484: result: time.h
configure:5494: checking for struct tm.tm_zone
configure:5520: gcc -c -g -O2  conftest.c >&5
configure:5526: $? = 0
configure:5530: test -z 
			 || test ! -s conftest.err
configure:5533: $? = 0
configure:5536: test -s conftest.o
configure:5539: $? = 0
configure:5599: result: yes
configure:5685: checking for long
configure:5709: gcc -c -g -O2  conftest.c >&5
configure:5715: $? = 0
configure:5719: test -z 
			 || test ! -s conftest.err
configure:5722: $? = 0
configure:5725: test -s conftest.o
configure:5728: $? = 0
configure:5739: result: yes
configure:5742: checking size of long
configure:6061: gcc -o conftest -g -O2   conftest.c  >&5
configure:6064: $? = 0
configure:6066: ./conftest
configure:6069: $? = 0
configure:6092: result: 8
configure:6099: checking for uid_t
configure:6123: gcc -c -g -O2  conftest.c >&5
configure:6129: $? = 0
configure:6133: test -z 
			 || test ! -s conftest.err
configure:6136: $? = 0
configure:6139: test -s conftest.o
configure:6142: $? = 0
configure:6153: result: yes
configure:6163: checking for gid_t
configure:6187: gcc -c -g -O2  conftest.c >&5
configure:6193: $? = 0
configure:6197: test -z 
			 || test ! -s conftest.err
configure:6200: $? = 0
configure:6203: test -s conftest.o
configure:6206: $? = 0
configure:6217: result: yes
configure:6227: checking for long long
configure:6251: gcc -c -g -O2  conftest.c >&5
configure:6257: $? = 0
configure:6261: test -z 
			 || test ! -s conftest.err
configure:6264: $? = 0
configure:6267: test -s conftest.o
configure:6270: $? = 0
configure:6281: result: yes
configure:6291: checking for uint64_t
configure:6315: gcc -c -g -O2  conftest.c >&5
configure:6321: $? = 0
configure:6325: test -z 
			 || test ! -s conftest.err
configure:6328: $? = 0
configure:6331: test -s conftest.o
configure:6334: $? = 0
configure:6345: result: yes
configure:6355: checking for ssize_t
configure:6379: gcc -c -g -O2  conftest.c >&5
configure:6385: $? = 0
configure:6389: test -z 
			 || test ! -s conftest.err
configure:6392: $? = 0
configure:6395: test -s conftest.o
configure:6398: $? = 0
configure:6409: result: yes
configure:6420: checking for struct tm.tm_gmtoff
configure:6461: gcc -c -g -O2  conftest.c >&5
configure:6467: $? = 0
configure:6471: test -z 
			 || test ! -s conftest.err
configure:6474: $? = 0
configure:6477: test -s conftest.o
configure:6480: $? = 0
configure:6555: result: yes
configure:6565: checking for struct stat.st_ino
configure:6606: gcc -c -g -O2  conftest.c >&5
configure:6612: $? = 0
configure:6616: test -z 
			 || test ! -s conftest.err
configure:6619: $? = 0
configure:6622: test -s conftest.o
configure:6625: $? = 0
configure:6700: result: yes
configure:6713: checking return type of signal handlers
configure:6744: gcc -c -g -O2  conftest.c >&5
configure:6750: $? = 0
configure:6754: test -z 
			 || test ! -s conftest.err
configure:6757: $? = 0
configure:6760: test -s conftest.o
configure:6763: $? = 0
configure:6774: result: void
configure:6782: checking whether utime accepts a null argument
configure:6813: gcc -o conftest -g -O2   conftest.c  >&5
configure:6816: $? = 0
configure:6818: ./conftest
configure:6821: $? = 0
configure:6836: result: yes
configure:6847: checking for working POSIX fnmatch
configure:6885: gcc -o conftest -g -O2   conftest.c  >&5
conftest.c: In function 'main':
conftest.c:58:1: warning: incompatible implicit declaration of built-in function 'exit' [enabled by default]
 exit
 ^
configure:6888: $? = 0
configure:6890: ./conftest
configure:6893: $? = 0
configure:6907: result: yes
configure:6919: checking for _LARGEFILE_SOURCE value needed for large files
configure:6942: gcc -c -g -O2  conftest.c >&5
configure:6948: $? = 0
configure:6952: test -z 
			 || test ! -s conftest.err
configure:6955: $? = 0
configure:6958: test -s conftest.o
configure:6961: $? = 0
configure:7018: result: no
configure:7032: checking for fseeko
configure:7053: gcc -o conftest -g -O2   conftest.c  >&5
configure:7059: $? = 0
configure:7063: test -z 
			 || test ! -s conftest.err
configure:7066: $? = 0
configure:7069: test -s conftest
configure:7072: $? = 0
configure:7084: result: yes
configure:7103: checking for strchr
configure:7160: gcc -o conftest -g -O2   conftest.c  >&5
conftest.c:77:6: warning: conflicting types for built-in function 'strchr' [enabled by default]
 char strchr ();
      ^
configure:7166: $? = 0
configure:7170: test -z 
			 || test ! -s conftest.err
configure:7173: $? = 0
configure:7176: test -s conftest
configure:7179: $? = 0
configure:7191: result: yes
configure:7103: checking for strdup
configure:7160: gcc -o conftest -g -O2   conftest.c  >&5
conftest.c:78:6: warning: conflicting types for built-in function 'strdup' [enabled by default]
 char strdup ();
      ^
configure:7166: $? = 0
configure:7170: test -z 
			 || test ! -s conftest.err
configure:7173: $? = 0
configure:7176: test -s conftest
configure:7179: $? = 0
configure:7191: result: yes
configure:7103: checking for memcpy
configure:7160: gcc -o conftest -g -O2   conftest.c  >&5
conftest.c:79:6: warning: conflicting types for built-in function 'memcpy' [enabled by default]
 char memcpy ();
      ^
configure:7166: $? = 0
configure:7170: test -z 
			 || test ! -s conftest.err
configure:7173: $? = 0
configure:7176: test -s conftest
configure:7179: $? = 0
configure:7191: result: yes
configure:7103: checking for memset
configure:7160: gcc -o conftest -g -O2   conftest.c  >&5
conftest.c:80:6: warning: conflicting types for built-in function 'memset' [enabled by default]
 char memset ();
      ^
configure:7166: $? = 0
configure:7170: test -z 
			 || test ! -s conftest.err
configure:7173: $? = 0
configure:7176: test -s conftest
configure:7179: $? = 0
configure:7191: result: yes
configure:7103: checking for memmove
configure:7160: gcc -o conftest -g -O2   conftest.c  >&5
conftest.c:81:6: warning: conflicting types for built-in function 'memmove' [enabled by default]
 char memmove ();
      ^
configure:7166: $? = 0
configure:7170: test -z 
			 || test ! -s conftest.err
configure:7173: $? = 0
configure:7176: test -s conftest
configure:7179: $? = 0
configure:7191: result: yes
configure:7103: checking for strcasecmp
configure:7160: gcc -o conftest -g -O2   conftest.c  >&5
conftest.c:82:6: warning: conflicting types for built-in function 'strcasecmp' [enabled by default]
 char strcasecmp ();
      ^
configure:7166: $? = 0
configure:7170: test -z 
			 || test ! -s conftest.err
configure:7173: $? = 0
configure:7176: test -s conftest
configure:7179: $? = 0
configure:7191: result: yes
configure:7210: checking for mktime
configure:7267: gcc -o conftest -g -O2   conftest.c  >&5
configure:7273: $? = 0
configure:7277: test -z 
			 || test ! -s conftest.err
configure:7280: $? = 0
configure:7283: test -s conftest
configure:7286: $? = 0
configure:7298: result: yes
configure:7210: checking for timelocal
configure:7267: gcc -o conftest -g -O2   conftest.c  >&5
configure:7273: $? = 0
configure:7277: test -z 
			 || test ! -s conftest.err
configure:7280: $? = 0
configure:7283: test -s conftest
configure:7286: $? = 0
configure:7298: result: yes
configure:7210: checking for tzset
configure:7267: gcc -o conftest -g -O2   conftest.c  >&5
configure:7273: $? = 0
configure:7277: test -z 
			 || test ! -s conftest.err
configure:7280: $? = 0
configure:7283: test -s conftest
configure:7286: $? = 0
configure:7298: result: yes
configure:7210: checking for ftime
configure:7267: gcc -o conftest -g -O2   conftest.c  >&5
configure:7273: $? = 0
configure:7277: test -z 
			 || test ! -s conftest.err
configure:7280: $? = 0
configure:7283: test -s conftest
configure:7286: $? = 0
configure:7298: result: yes
configure:7210: checking for gettimeofday
configure:7267: gcc -o conftest -g -O2   conftest.c  >&5
configure:7273: $? = 0
configure:7277: test -z 
			 || test ! -s conftest.err
configure:7280: $? = 0
configure:7283: test -s conftest
configure:7286: $? = 0
configure:7298: result: yes
configure:7210: checking for utime
configure:7267: gcc -o conftest -g -O2   conftest.c  >&5
configure:7273: $? = 0
configure:7277: test -z 
			 || test ! -s conftest.err
configure:7280: $? = 0
configure:7283: test -s conftest
configure:7286: $? = 0
configure:7298: result: yes
configure:7316: checking for ftruncate
configure:7373: gcc -o conftest -g -O2   conftest.c  >&5
configure:7379: $? = 0
configure:7383: test -z 
			 || test ! -s conftest.err
configure:7386: $? = 0
configure:7389: test -s conftest
configure:7392: $? = 0
configure:7404: result: yes
configure:7316: checking for chsize
configure:7373: gcc -o conftest -g -O2   conftest.c  >&5
/tmp/ccWOguKH.o:(.data+0x0): undefined reference to `chsize'
/tmp/ccWOguKH.o: In function `main':
/home/ubuntu/workspace/.virtualenvs/venv/batch/input/data/lha-1.14i-ac20050924p1/conftest.c:106: undefined reference to `chsize'
collect2: error: ld returned 1 exit status
configure:7379: $? = 1
configure: failed program was:
| /* confdefs.h.  */
| 
| #define PACKAGE_NAME "LHa for UNIX"
| #define PACKAGE_TARNAME "lha"
| #define PACKAGE_VERSION "1.14i-ac20050924p1"
| #define PACKAGE_STRING "LHa for UNIX 1.14i-ac20050924p1"
| #define PACKAGE_BUGREPORT "arai@users.sourceforge.jp"
| #define PACKAGE "lha"
| #define VERSION "1.14i-ac20050924p1"
| #define PLATFORM "x86_64-unknown-linux-gnu"
| #define STDC_HEADERS 1
| #define HAVE_SYS_TYPES_H 1
| #define HAVE_SYS_STAT_H 1
| #define HAVE_STDLIB_H 1
| #define HAVE_STRING_H 1
| #define HAVE_MEMORY_H 1
| #define HAVE_STRINGS_H 1
| #define HAVE_INTTYPES_H 1
| #define HAVE_STDINT_H 1
| #define HAVE_UNISTD_H 1
| #define PROTOTYPES 1
| #define __PROTOTYPES 1
| #define HAVE_STRING_H 1
| #define HAVE_DIRENT_H 1
| #define STDC_HEADERS 1
| #define HAVE_FCNTL_H 1
| #define HAVE_LIMITS_H 1
| #define HAVE_SYS_FILE_H 1
| #define HAVE_SYS_PARAM_H 1
| #define HAVE_SYS_TIME_H 1
| #define HAVE_PWD_H 1
| #define HAVE_GRP_H 1
| #define HAVE_UTIME_H 1
| #define HAVE_INTTYPES_H 1
| #define HAVE_STDINT_H 1
| #define HAVE_FNMATCH_H 1
| #define TIME_WITH_SYS_TIME 1
| #define HAVE_STRUCT_TM_TM_ZONE 1
| #define HAVE_TM_ZONE 1
| #define SIZEOF_LONG 8
| #define HAVE_UID_T 1
| #define HAVE_GID_T 1
| #define HAVE_LONG_LONG 1
| #define HAVE_UINT64_T 1
| #define HAVE_SSIZE_T 1
| #define HAVE_STRUCT_TM_TM_GMTOFF 1
| #define HAVE_STRUCT_STAT_ST_INO 1
| #define RETSIGTYPE void
| #define HAVE_UTIME_NULL 1
| #define HAVE_FNMATCH 1
| #define HAVE_FSEEKO 1
| #define HAVE_STRCHR 1
| #define HAVE_STRDUP 1
| #define HAVE_MEMCPY 1
| #define HAVE_MEMSET 1
| #define HAVE_MEMMOVE 1
| #define HAVE_STRCASECMP 1
| #define HAVE_MKTIME 1
| #define HAVE_TIMELOCAL 1
| #define HAVE_TZSET 1
| #define HAVE_FTIME 1
| #define HAVE_GETTIMEOFDAY 1
| #define HAVE_UTIME 1
| #define HAVE_FTRUNCATE 1
| /* end confdefs.h.  */
| /* Define chsize to an innocuous variant, in case <limits.h> declares chsize.
|    For example, HP-UX 11i <limits.h> declares gettimeofday.  */
| #define chsize innocuous_chsize
| 
| /* System header to define __stub macros and hopefully few prototypes,
|     which can conflict with char chsize (); below.
|     Prefer <limits.h> to <assert.h> if __STDC__ is defined, since
|     <limits.h> exists even on freestanding compilers.  */
| 
| #ifdef __STDC__
| # include <limits.h>
| #else
| # include <assert.h>
| #endif
| 
| #undef chsize
| 
| /* Override any gcc2 internal prototype to avoid an error.  */
| #ifdef __cplusplus
| extern "C"
| {
| #endif
| /* We use char because int might match the return type of a gcc2
|    builtin and then its argument prototype would still apply.  */
| char chsize ();
| /* The GNU C library defines this for functions which it implements
|     to always fail with ENOSYS.  Some functions are actually named
|     something starting with __ and the normal name is an alias.  */
| #if defined (__stub_chsize) || defined (__stub___chsize)
| choke me
| #else
| char (*f) () = chsize;
| #endif
| #ifdef __cplusplus
| }
| #endif
| 
| int
| main ()
| {
| return f != chsize;
|   ;
|   return 0;
| }
configure:7404: result: no
configure:7316: checking for lchown
configure:7373: gcc -o conftest -g -O2   conftest.c  >&5
configure:7379: $? = 0
configure:7383: test -z 
			 || test ! -s conftest.err
configure:7386: $? = 0
configure:7389: test -s conftest
configure:7392: $? = 0
configure:7404: result: yes
configure:7316: checking for mkstemp
configure:7373: gcc -o conftest -g -O2   conftest.c  >&5
configure:7379: $? = 0
configure:7383: test -z 
			 || test ! -s conftest.err
configure:7386: $? = 0
configure:7389: test -s conftest
configure:7392: $? = 0
configure:7404: result: yes
configure:7316: checking for ftello
configure:7373: gcc -o conftest -g -O2   conftest.c  >&5
configure:7379: $? = 0
configure:7383: test -z 
			 || test ! -s conftest.err
configure:7386: $? = 0
configure:7389: test -s conftest
configure:7392: $? = 0
configure:7404: result: yes
configure:7421: checking for getpwuid
configure:7478: gcc -o conftest -g -O2   conftest.c  >&5
configure:7484: $? = 0
configure:7488: test -z 
			 || test ! -s conftest.err
configure:7491: $? = 0
configure:7494: test -s conftest
configure:7497: $? = 0
configure:7509: result: yes
configure:7421: checking for getgrgid
configure:7478: gcc -o conftest -g -O2   conftest.c  >&5
configure:7484: $? = 0
configure:7488: test -z 
			 || test ! -s conftest.err
configure:7491: $? = 0
configure:7494: test -s conftest
configure:7497: $? = 0
configure:7509: result: yes
configure:7421: checking for getpwnam
configure:7478: gcc -o conftest -g -O2   conftest.c  >&5
configure:7484: $? = 0
configure:7488: test -z 
			 || test ! -s conftest.err
configure:7491: $? = 0
configure:7494: test -s conftest
configure:7497: $? = 0
configure:7509: result: yes
configure:7421: checking for getgrnam
configure:7478: gcc -o conftest -g -O2   conftest.c  >&5
configure:7484: $? = 0
configure:7488: test -z 
			 || test ! -s conftest.err
configure:7491: $? = 0
configure:7494: test -s conftest
configure:7497: $? = 0
configure:7509: result: yes
configure:7524: checking for iconv
configure:7581: gcc -o conftest -g -O2   conftest.c  >&5
configure:7587: $? = 0
configure:7591: test -z 
			 || test ! -s conftest.err
configure:7594: $? = 0
configure:7597: test -s conftest
configure:7600: $? = 0
configure:7612: result: yes
configure:7524: checking for basename
configure:7581: gcc -o conftest -g -O2   conftest.c  >&5
configure:7587: $? = 0
configure:7591: test -z 
			 || test ! -s conftest.err
configure:7594: $? = 0
configure:7597: test -s conftest
configure:7600: $? = 0
configure:7612: result: yes
configure:7627: checking for vsnprintf
configure:7684: gcc -o conftest -g -O2   conftest.c  >&5
conftest.c:99:6: warning: conflicting types for built-in function 'vsnprintf' [enabled by default]
 char vsnprintf ();
      ^
configure:7690: $? = 0
configure:7694: test -z 
			 || test ! -s conftest.err
configure:7697: $? = 0
configure:7700: test -s conftest
configure:7703: $? = 0
configure:7715: result: yes
configure:7627: checking for fnmatch
configure:7684: gcc -o conftest -g -O2   conftest.c  >&5
configure:7690: $? = 0
configure:7694: test -z 
			 || test ! -s conftest.err
configure:7697: $? = 0
configure:7700: test -s conftest
configure:7703: $? = 0
configure:7715: result: yes
configure:7747: checking whether basename is declared
configure:7771: gcc -c -g -O2  conftest.c >&5
conftest.c: In function 'main':
conftest.c:115:22: error: 'basename' undeclared (first use in this function)
   char *p = (char *) basename;
                      ^
conftest.c:115:22: note: each undeclared identifier is reported only once for each function it appears in
configure:7777: $? = 1
configure: failed program was:
| /* confdefs.h.  */
| 
| #define PACKAGE_NAME "LHa for UNIX"
| #define PACKAGE_TARNAME "lha"
| #define PACKAGE_VERSION "1.14i-ac20050924p1"
| #define PACKAGE_STRING "LHa for UNIX 1.14i-ac20050924p1"
| #define PACKAGE_BUGREPORT "arai@users.sourceforge.jp"
| #define PACKAGE "lha"
| #define VERSION "1.14i-ac20050924p1"
| #define PLATFORM "x86_64-unknown-linux-gnu"
| #define STDC_HEADERS 1
| #define HAVE_SYS_TYPES_H 1
| #define HAVE_SYS_STAT_H 1
| #define HAVE_STDLIB_H 1
| #define HAVE_STRING_H 1
| #define HAVE_MEMORY_H 1
| #define HAVE_STRINGS_H 1
| #define HAVE_INTTYPES_H 1
| #define HAVE_STDINT_H 1
| #define HAVE_UNISTD_H 1
| #define PROTOTYPES 1
| #define __PROTOTYPES 1
| #define HAVE_STRING_H 1
| #define HAVE_DIRENT_H 1
| #define STDC_HEADERS 1
| #define HAVE_FCNTL_H 1
| #define HAVE_LIMITS_H 1
| #define HAVE_SYS_FILE_H 1
| #define HAVE_SYS_PARAM_H 1
| #define HAVE_SYS_TIME_H 1
| #define HAVE_PWD_H 1
| #define HAVE_GRP_H 1
| #define HAVE_UTIME_H 1
| #define HAVE_INTTYPES_H 1
| #define HAVE_STDINT_H 1
| #define HAVE_FNMATCH_H 1
| #define TIME_WITH_SYS_TIME 1
| #define HAVE_STRUCT_TM_TM_ZONE 1
| #define HAVE_TM_ZONE 1
| #define SIZEOF_LONG 8
| #define HAVE_UID_T 1
| #define HAVE_GID_T 1
| #define HAVE_LONG_LONG 1
| #define HAVE_UINT64_T 1
| #define HAVE_SSIZE_T 1
| #define HAVE_STRUCT_TM_TM_GMTOFF 1
| #define HAVE_STRUCT_STAT_ST_INO 1
| #define RETSIGTYPE void
| #define HAVE_UTIME_NULL 1
| #define HAVE_FNMATCH 1
| #define HAVE_FSEEKO 1
| #define HAVE_STRCHR 1
| #define HAVE_STRDUP 1
| #define HAVE_MEMCPY 1
| #define HAVE_MEMSET 1
| #define HAVE_MEMMOVE 1
| #define HAVE_STRCASECMP 1
| #define HAVE_MKTIME 1
| #define HAVE_TIMELOCAL 1
| #define HAVE_TZSET 1
| #define HAVE_FTIME 1
| #define HAVE_GETTIMEOFDAY 1
| #define HAVE_UTIME 1
| #define HAVE_FTRUNCATE 1
| #define HAVE_LCHOWN 1
| #define HAVE_MKSTEMP 1
| #define HAVE_FTELLO 1
| #define HAVE_GETPWUID 1
| #define HAVE_GETGRGID 1
| #define HAVE_GETPWNAM 1
| #define HAVE_GETGRNAM 1
| #define HAVE_ICONV 1
| #define HAVE_BASENAME 1
| #define HAVE_VSNPRINTF 1
| #define HAVE_FNMATCH 1
| /* end confdefs.h.  */
| #include <stdio.h>
| #if HAVE_SYS_TYPES_H
| # include <sys/types.h>
| #endif
| #if HAVE_SYS_STAT_H
| # include <sys/stat.h>
| #endif
| #if STDC_HEADERS
| # include <stdlib.h>
| # include <stddef.h>
| #else
| # if HAVE_STDLIB_H
| #  include <stdlib.h>
| # endif
| #endif
| #if HAVE_STRING_H
| # if !STDC_HEADERS && HAVE_MEMORY_H
| #  include <memory.h>
| # endif
| # include <string.h>
| #endif
| #if HAVE_STRINGS_H
| # include <strings.h>
| #endif
| #if HAVE_INTTYPES_H
| # include <inttypes.h>
| #else
| # if HAVE_STDINT_H
| #  include <stdint.h>
| # endif
| #endif
| #if HAVE_UNISTD_H
| # include <unistd.h>
| #endif
| int
| main ()
| {
| #ifndef basename
|   char *p = (char *) basename;
| #endif
| 
|   ;
|   return 0;
| }
configure:7801: result: no
configure:7821: checking whether strchr()/strrchr() is 8bit clean
configure:7858: gcc -o conftest -g -O2   conftest.c  >&5
conftest.c: In function 'main':
conftest.c:92:29: warning: incompatible implicit declaration of built-in function 'exit' [enabled by default]
   if (strchr(s, 0xff) != s) exit(1);
                             ^
configure:7861: $? = 0
configure:7863: ./conftest
configure:7866: $? = 0
configure:7880: result: yes
configure:7893: checking whether the 2nd argument of gettimeofday() is effective
configure:7935: gcc -o conftest -g -O2   conftest.c  >&5
conftest.c: In function 'main':
conftest.c:98:9: warning: incompatible implicit declaration of built-in function 'exit' [enabled by default]
         exit(1);
         ^
configure:7938: $? = 0
configure:7940: ./conftest
configure:7943: $? = 0
configure:7957: result: yes
configure:7970: checking kanji code conversion on text file
configure:7980: result: yes
configure:7991: checking default archive method
configure:8006: result: -lh5-
configure:8015: checking template of the temporary file
configure:8029: result: /tmp/lhXXXXXX
configure:8040: checking whether incremental indicator is needed
configure:8051: result: yes
configure:8062: checking kanji code of filename
configure:8121: result: CODE_EUC
configure:8139: checking whether user/group name extended header is needed
configure:8150: result: no
configure:8161: checking whether backup file for old archive is left
configure:8172: result: no
configure:8184: checking whether enable -X option which ignore dot files
configure:8195: result: no
configure:8319: creating ./config.status

## ---------------------- ##
## Running config.status. ##
## ---------------------- ##

This file was extended by LHa for UNIX config.status 1.14i-ac20050924p1, which was
generated by GNU Autoconf 2.59.  Invocation command line was

  CONFIG_FILES    = 
  CONFIG_HEADERS  = 
  CONFIG_LINKS    = 
  CONFIG_COMMANDS = 
  $ ./config.status 

on kenhakuchou-python-5367401

config.status:710: creating Makefile
config.status:710: creating src/Makefile
config.status:710: creating man/Makefile
config.status:710: creating olddoc/Makefile
config.status:710: creating tests/Makefile
config.status:710: creating tests/lha-test
config.status:814: creating config.h
config.status:1262: executing depfiles commands

## ---------------- ##
## Cache variables. ##
## ---------------- ##

ac_cv_build=x86_64-unknown-linux-gnu
ac_cv_build_alias=x86_64-unknown-linux-gnu
ac_cv_c_compiler_gnu=yes
ac_cv_c_const=yes
ac_cv_env_CC_set=
ac_cv_env_CC_value=
ac_cv_env_CFLAGS_set=
ac_cv_env_CFLAGS_value=
ac_cv_env_CPPFLAGS_set=
ac_cv_env_CPPFLAGS_value=
ac_cv_env_CPP_set=
ac_cv_env_CPP_value=
ac_cv_env_LDFLAGS_set=
ac_cv_env_LDFLAGS_value=
ac_cv_env_build_alias_set=
ac_cv_env_build_alias_value=
ac_cv_env_host_alias_set=
ac_cv_env_host_alias_value=
ac_cv_env_target_alias_set=
ac_cv_env_target_alias_value=
ac_cv_exeext=
ac_cv_func_basename=yes
ac_cv_func_chsize=no
ac_cv_func_fnmatch=yes
ac_cv_func_fnmatch_works=yes
ac_cv_func_fseeko=yes
ac_cv_func_ftello=yes
ac_cv_func_ftime=yes
ac_cv_func_ftruncate=yes
ac_cv_func_getgrgid=yes
ac_cv_func_getgrnam=yes
ac_cv_func_getpwnam=yes
ac_cv_func_getpwuid=yes
ac_cv_func_gettimeofday=yes
ac_cv_func_iconv=yes
ac_cv_func_lchown=yes
ac_cv_func_memcpy=yes
ac_cv_func_memmove=yes
ac_cv_func_memset=yes
ac_cv_func_mkstemp=yes
ac_cv_func_mktime=yes
ac_cv_func_strcasecmp=yes
ac_cv_func_strchr=yes
ac_cv_func_strdup=yes
ac_cv_func_timelocal=yes
ac_cv_func_tzset=yes
ac_cv_func_utime=yes
ac_cv_func_utime_null=yes
ac_cv_func_vsnprintf=yes
ac_cv_have_decl_basename=no
ac_cv_header_dirent_dirent_h=yes
ac_cv_header_fcntl_h=yes
ac_cv_header_fnmatch_h=yes
ac_cv_header_grp_h=yes
ac_cv_header_inttypes_h=yes
ac_cv_header_limits_h=yes
ac_cv_header_memory_h=yes
ac_cv_header_minix_config_h=no
ac_cv_header_pwd_h=yes
ac_cv_header_stdc=yes
ac_cv_header_stdint_h=yes
ac_cv_header_stdlib_h=yes
ac_cv_header_string_h=yes
ac_cv_header_strings_h=yes
ac_cv_header_sys_file_h=yes
ac_cv_header_sys_param_h=yes
ac_cv_header_sys_stat_h=yes
ac_cv_header_sys_time_h=yes
ac_cv_header_sys_types_h=yes
ac_cv_header_time=yes
ac_cv_header_unistd_h=yes
ac_cv_header_utime_h=yes
ac_cv_host=x86_64-unknown-linux-gnu
ac_cv_host_alias=x86_64-unknown-linux-gnu
ac_cv_member_struct_stat_st_ino=yes
ac_cv_member_struct_tm_tm_gmtoff=yes
ac_cv_member_struct_tm_tm_zone=yes
ac_cv_objext=o
ac_cv_path_install='/usr/bin/install -c'
ac_cv_prog_AWK=gawk
ac_cv_prog_CPP='gcc -E'
ac_cv_prog_ac_ct_CC=gcc
ac_cv_prog_cc_g=yes
ac_cv_prog_cc_stdc=
ac_cv_prog_egrep='grep -E'
ac_cv_prog_gcc_traditional=no
ac_cv_prog_make_make_set=yes
ac_cv_search_opendir='none required'
ac_cv_sizeof_long=8
ac_cv_struct_tm=time.h
ac_cv_sys_file_offset_bits=no
ac_cv_sys_large_files=no
ac_cv_sys_largefile_CC=no
ac_cv_sys_largefile_source=no
ac_cv_target=x86_64-unknown-linux-gnu
ac_cv_target_alias=x86_64-unknown-linux-gnu
ac_cv_type_gid_t=yes
ac_cv_type_long=yes
ac_cv_type_long_long=yes
ac_cv_type_signal=void
ac_cv_type_ssize_t=yes
ac_cv_type_uid_t=yes
ac_cv_type_uint64_t=yes
am_cv_CC_dependencies_compiler_type=gcc3
lha_cv_func_gettimeofday_2nd_arg=yes
lha_cv_func_strchr_8bit_clean=yes

## ----------------- ##
## Output variables. ##
## ----------------- ##

ACLOCAL='${SHELL} /home/ubuntu/workspace/.virtualenvs/venv/batch/input/data/lha-1.14i-ac20050924p1/missing --run aclocal-1.9'
AMDEPBACKSLASH='\'
AMDEP_FALSE='#'
AMDEP_TRUE=''
AMTAR='${SHELL} /home/ubuntu/workspace/.virtualenvs/venv/batch/input/data/lha-1.14i-ac20050924p1/missing --run tar'
ANSI2KNR=''
AUTOCONF='${SHELL} /home/ubuntu/workspace/.virtualenvs/venv/batch/input/data/lha-1.14i-ac20050924p1/missing --run autoconf'
AUTOHEADER='${SHELL} /home/ubuntu/workspace/.virtualenvs/venv/batch/input/data/lha-1.14i-ac20050924p1/missing --run autoheader'
AUTOMAKE='${SHELL} /home/ubuntu/workspace/.virtualenvs/venv/batch/input/data/lha-1.14i-ac20050924p1/missing --run automake-1.9'
AWK='gawk'
CC='gcc'
CCDEPMODE='depmode=gcc3'
CFLAGS='-g -O2'
CPP='gcc -E'
CPPFLAGS=''
CYGPATH_W='echo'
DEFS='-DHAVE_CONFIG_H'
DEF_KCODE='-DEUC'
DEPDIR='.deps'
ECHO_C=''
ECHO_N='-n'
ECHO_T=''
EGREP='grep -E'
EXEEXT=''
INSTALL_DATA='${INSTALL} -m 644'
INSTALL_PROGRAM='${INSTALL}'
INSTALL_SCRIPT='${INSTALL}'
INSTALL_STRIP_PROGRAM='${SHELL} $(install_sh) -c -s'
LDFLAGS=''
LIBOBJS=''
LIBS=''
LTLIBOBJS=''
MAKEINFO='${SHELL} /home/ubuntu/workspace/.virtualenvs/venv/batch/input/data/lha-1.14i-ac20050924p1/missing --run makeinfo'
OBJEXT='o'
PACKAGE='lha'
PACKAGE_BUGREPORT='arai@users.sourceforge.jp'
PACKAGE_NAME='LHa for UNIX'
PACKAGE_STRING='LHa for UNIX 1.14i-ac20050924p1'
PACKAGE_TARNAME='lha'
PACKAGE_VERSION='1.14i-ac20050924p1'
PATH_SEPARATOR=':'
SET_MAKE=''
SHELL='/bin/bash'
STRIP=''
SUPPORT_LZHUFF_METHOD='-DSUPPORT_LH7'
U=''
VERSION='1.14i-ac20050924p1'
ac_ct_CC='gcc'
ac_ct_STRIP=''
am__fastdepCC_FALSE='#'
am__fastdepCC_TRUE=''
am__include='include'
am__leading_dot='.'
am__quote=''
am__tar='${AMTAR} chof - "$$tardir"'
am__untar='${AMTAR} xf -'
bindir='${exec_prefix}/bin'
build='x86_64-unknown-linux-gnu'
build_alias=''
build_cpu='x86_64'
build_os='linux-gnu'
build_vendor='unknown'
datadir='${prefix}/share'
exec_prefix='${prefix}'
host='x86_64-unknown-linux-gnu'
host_alias=''
host_cpu='x86_64'
host_os='linux-gnu'
host_vendor='unknown'
includedir='${prefix}/include'
infodir='${prefix}/info'
install_sh='/home/ubuntu/workspace/.virtualenvs/venv/batch/input/data/lha-1.14i-ac20050924p1/install-sh'
libdir='${exec_prefix}/lib'
libexecdir='${exec_prefix}/libexec'
localstatedir='${prefix}/var'
mandir='${prefix}/man'
mkdir_p='mkdir -p --'
oldincludedir='/usr/include'
prefix='/usr/local'
program_transform_name='s,x,x,'
sbindir='${exec_prefix}/sbin'
sharedstatedir='${prefix}/com'
sysconfdir='${prefix}/etc'
target='x86_64-unknown-linux-gnu'
target_alias=''
target_cpu='x86_64'
target_os='linux-gnu'
target_vendor='unknown'

## ----------- ##
## confdefs.h. ##
## ----------- ##

#define DEFAULT_LZHUFF_METHOD LZHUFF5_METHOD_NUM
#define GETTIMEOFDAY_HAS_2ND_ARG 1
#define HAVE_BASENAME 1
#define HAVE_DECL_BASENAME 0
#define HAVE_DIRENT_H 1
#define HAVE_FCNTL_H 1
#define HAVE_FNMATCH 1
#define HAVE_FNMATCH 1
#define HAVE_FNMATCH_H 1
#define HAVE_FSEEKO 1
#define HAVE_FTELLO 1
#define HAVE_FTIME 1
#define HAVE_FTRUNCATE 1
#define HAVE_GETGRGID 1
#define HAVE_GETGRNAM 1
#define HAVE_GETPWNAM 1
#define HAVE_GETPWUID 1
#define HAVE_GETTIMEOFDAY 1
#define HAVE_GID_T 1
#define HAVE_GRP_H 1
#define HAVE_ICONV 1
#define HAVE_INTTYPES_H 1
#define HAVE_INTTYPES_H 1
#define HAVE_LCHOWN 1
#define HAVE_LIMITS_H 1
#define HAVE_LONG_LONG 1
#define HAVE_MEMCPY 1
#define HAVE_MEMMOVE 1
#define HAVE_MEMORY_H 1
#define HAVE_MEMSET 1
#define HAVE_MKSTEMP 1
#define HAVE_MKTIME 1
#define HAVE_PWD_H 1
#define HAVE_SSIZE_T 1
#define HAVE_STDINT_H 1
#define HAVE_STDINT_H 1
#define HAVE_STDLIB_H 1
#define HAVE_STRCASECMP 1
#define HAVE_STRCHR 1
#define HAVE_STRDUP 1
#define HAVE_STRINGS_H 1
#define HAVE_STRING_H 1
#define HAVE_STRING_H 1
#define HAVE_STRUCT_STAT_ST_INO 1
#define HAVE_STRUCT_TM_TM_GMTOFF 1
#define HAVE_STRUCT_TM_TM_ZONE 1
#define HAVE_SYS_FILE_H 1
#define HAVE_SYS_PARAM_H 1
#define HAVE_SYS_STAT_H 1
#define HAVE_SYS_TIME_H 1
#define HAVE_SYS_TYPES_H 1
#define HAVE_TIMELOCAL 1
#define HAVE_TM_ZONE 1
#define HAVE_TZSET 1
#define HAVE_UID_T 1
#define HAVE_UINT64_T 1
#define HAVE_UNISTD_H 1
#define HAVE_UTIME 1
#define HAVE_UTIME_H 1
#define HAVE_UTIME_NULL 1
#define HAVE_VSNPRINTF 1
#define MULTIBYTE_FILENAME CODE_EUC
#define NEED_INCREMENTAL_INDICATOR 1
#define PACKAGE "lha"
#define PACKAGE_BUGREPORT "arai@users.sourceforge.jp"
#define PACKAGE_NAME "LHa for UNIX"
#define PACKAGE_STRING "LHa for UNIX 1.14i-ac20050924p1"
#define PACKAGE_TARNAME "lha"
#define PACKAGE_VERSION "1.14i-ac20050924p1"
#define PLATFORM "x86_64-unknown-linux-gnu"
#define PROTOTYPES 1
#define RETSIGTYPE void
#define SIZEOF_LONG 8
#define STDC_HEADERS 1
#define STDC_HEADERS 1
#define STRCHR_8BIT_CLEAN 1
#define TIME_WITH_SYS_TIME 1
#define TMP_FILENAME_TEMPLATE "/tmp/lhXXXXXX"
#define VERSION "1.14i-ac20050924p1"
#define __PROTOTYPES 1

configure: exit 0
